#
# A fatal error has been detected by the Java Runtime Environment:
#
#  Internal Error (javaClasses.cpp:129), pid=4729, tid=3060316992
#  fatal error: Invalid layout of preloaded class
#
# JRE version: 7.0_21-b02
# Java VM: OpenJDK Server VM (23.7-b01 mixed mode linux-x86 )
# Failed to write core dump. Core dumps have been disabled. To enable core dumping, try "ulimit -c unlimited" before starting Java again
#
# If you would like to submit a bug report, please include
# instructions on how to reproduce the bug and visit:
#   https://bugs.launchpad.net/ubuntu/+source/openjdk-7/
#

---------------  T H R E A D  ---------------

Current thread (0xb6507000):  JavaThread "Unknown thread" [_thread_in_vm, id=4731, stack(0xb663b000,0xb668c000)]

Stack: [0xb663b000,0xb668c000]
[error occurred during error reporting (printing stack bounds), id 0xb]


[error occurred during error reporting (printing native stack), id 0xb]


---------------  P R O C E S S  ---------------

Java Threads: ( => current thread )

Other Threads:

=>0xb6507000 (exited) JavaThread "Unknown thread" [_thread_in_vm, id=4731, stack(0xb663b000,0xb668c000)]

VM state:not at safepoint (not fully initialized)

VM Mutex/Monitor currently owned by a thread: None

GC Heap History (0 events):
No events

Deoptimization events (0 events):
No events

Internal exceptions (0 events):
No events

Events (10 events):
Event: 0.008 loading class 0xb6535e18 done
Event: 0.009 loading class 0xb6535758 done
Event: 0.009 loading class 0xb6535730
Event: 0.009 loading class 0xb6555648
Event: 0.009 loading class 0xb6555648 done
Event: 0.009 loading class 0xb6555680
Event: 0.009 loading class 0xb6555680 done
Event: 0.009 loading class 0xb65556b8
Event: 0.009 loading class 0xb65556b8 done
Event: 0.009 loading class 0xb6535730 done


Dynamic libraries:
08048000-08049000 r-xp 00000000 08:21 529488     /usr/lib/jvm/java-7-openjdk-i386/jre/bin/java
08049000-0804a000 r--p 00000000 08:21 529488     /usr/lib/jvm/java-7-openjdk-i386/jre/bin/java
0804a000-0804b000 rw-p 00001000 08:21 529488     /usr/lib/jvm/java-7-openjdk-i386/jre/bin/java
09063000-09084000 rw-p 00000000 00:00 0          [heap]
68769000-6878d000 rw-p 00000000 00:00 0 
6878d000-68853000 r--s 0116f000 08:21 3812414    /home/mouddene/Desktop/adt-bundle-linux-x86-20130219/sdk/platforms/android-17/android.jar
68853000-6b700000 rw-p 00000000 00:00 0 
6b700000-6b721000 rw-p 00000000 00:00 0 
6b721000-6b800000 ---p 00000000 00:00 0 
6b87f000-6b880000 ---p 00000000 00:00 0 
6b880000-6b900000 rw-p 00000000 00:00 0          [stack:4739]
6b900000-6b921000 rw-p 00000000 00:00 0 
6b921000-6ba00000 ---p 00000000 00:00 0 
6ba00000-6ba21000 rw-p 00000000 00:00 0 
6ba21000-6bb00000 ---p 00000000 00:00 0 
6bb7f000-6bb80000 ---p 00000000 00:00 0 
6bb80000-6bc00000 rw-p 00000000 00:00 0          [stack:4738]
6bc00000-6bc21000 rw-p 00000000 00:00 0 
6bc21000-6bd00000 ---p 00000000 00:00 0 
6bd23000-6bd24000 ---p 00000000 00:00 0 
6bd24000-6bda4000 rw-p 00000000 00:00 0          [stack:4737]
6bda4000-6bda5000 ---p 00000000 00:00 0 
6bda5000-6be2d000 rw-p 00000000 00:00 0          [stack:4736]
6be2d000-6be65000 rw-p 00000000 00:00 0 
6be65000-6be7b000 rw-p 00000000 00:00 0 
6be7b000-6bfb6000 rw-p 00000000 00:00 0 
6bfb6000-6bfbe000 rw-p 00000000 00:00 0 
6bfbe000-6bff6000 rw-p 00000000 00:00 0 
6bff6000-6c00c000 rw-p 00000000 00:00 0 
6c00c000-6c146000 rw-p 00000000 00:00 0 
6c146000-6c152000 rw-p 00000000 00:00 0 
6c152000-6c1ef000 rw-p 00000000 00:00 0 
6c1ef000-6d1f0000 rw-p 00000000 00:00 0 
6d1f0000-741f0000 rw-p 00000000 00:00 0 
741f0000-76c10000 rw-p 00000000 00:00 0 
76c10000-9e350000 rw-p 00000000 00:00 0 
9e350000-9f850000 rw-p 00000000 00:00 0 
9f850000-b33f0000 rw-p 00000000 00:00 0 
b33f0000-b33f9000 rw-p 00000000 00:00 0 
b33f9000-b34b0000 rw-p 00000000 00:00 0 
b34b0000-b36f0000 rwxp 00000000 00:00 0 
b36f0000-b64b0000 rw-p 00000000 00:00 0 
b64b0000-b64bb000 r-xp 00000000 08:21 2630242    /lib/i386-linux-gnu/libnss_files-2.15.so
b64bb000-b64bc000 r--p 0000a000 08:21 2630242    /lib/i386-linux-gnu/libnss_files-2.15.so
b64bc000-b64bd000 rw-p 0000b000 08:21 2630242    /lib/i386-linux-gnu/libnss_files-2.15.so
b64bd000-b64c7000 r-xp 00000000 08:21 2630249    /lib/i386-linux-gnu/libnss_nis-2.15.so
b64c7000-b64c8000 r--p 00009000 08:21 2630249    /lib/i386-linux-gnu/libnss_nis-2.15.so
b64c8000-b64c9000 rw-p 0000a000 08:21 2630249    /lib/i386-linux-gnu/libnss_nis-2.15.so
b64c9000-b64df000 r-xp 00000000 08:21 2630228    /lib/i386-linux-gnu/libnsl-2.15.so
b64df000-b64e0000 r--p 00015000 08:21 2630228    /lib/i386-linux-gnu/libnsl-2.15.so
b64e0000-b64e1000 rw-p 00016000 08:21 2630228    /lib/i386-linux-gnu/libnsl-2.15.so
b64e1000-b64e3000 rw-p 00000000 00:00 0 
b64e3000-b64ea000 r-xp 00000000 08:21 2630245    /lib/i386-linux-gnu/libnss_compat-2.15.so
b64ea000-b64eb000 r--p 00006000 08:21 2630245    /lib/i386-linux-gnu/libnss_compat-2.15.so
b64eb000-b64ec000 rw-p 00007000 08:21 2630245    /lib/i386-linux-gnu/libnss_compat-2.15.so
b64f6000-b64fe000 r-xp 00000000 08:21 529572     /usr/lib/jvm/java-7-openjdk-i386/jre/lib/i386/libzip.so
b64fe000-b64ff000 r--p 00007000 08:21 529572     /usr/lib/jvm/java-7-openjdk-i386/jre/lib/i386/libzip.so
b64ff000-b6500000 rw-p 00008000 08:21 529572     /usr/lib/jvm/java-7-openjdk-i386/jre/lib/i386/libzip.so
b6500000-b6560000 rw-p 00000000 00:00 0 
b6560000-b6600000 ---p 00000000 00:00 0 
b6601000-b6609000 rw-s 00000000 08:21 2763346    /tmp/hsperfdata_mouddene/4729
b6609000-b6630000 r-xp 00000000 08:21 529595     /usr/lib/jvm/java-7-openjdk-i386/jre/lib/i386/libjava.so
b6630000-b6631000 r--p 00026000 08:21 529595     /usr/lib/jvm/java-7-openjdk-i386/jre/lib/i386/libjava.so
b6631000-b6632000 rw-p 00027000 08:21 529595     /usr/lib/jvm/java-7-openjdk-i386/jre/lib/i386/libjava.so
b6632000-b6639000 r-xp 00000000 08:21 2630248    /lib/i386-linux-gnu/librt-2.15.so
b6639000-b663a000 r--p 00006000 08:21 2630248    /lib/i386-linux-gnu/librt-2.15.so
b663a000-b663b000 rw-p 00007000 08:21 2630248    /lib/i386-linux-gnu/librt-2.15.so
b663b000-b663e000 ---p 00000000 00:00 0 
b663e000-b668c000 rw-p 00000000 00:00 0          [stack:4731]
b668c000-b66a8000 r-xp 00000000 08:21 2622159    /lib/i386-linux-gnu/libgcc_s.so.1
b66a8000-b66a9000 r--p 0001b000 08:21 2622159    /lib/i386-linux-gnu/libgcc_s.so.1
b66a9000-b66aa000 rw-p 0001c000 08:21 2622159    /lib/i386-linux-gnu/libgcc_s.so.1
b66aa000-b66d4000 r-xp 00000000 08:21 2630244    /lib/i386-linux-gnu/libm-2.15.so
b66d4000-b66d5000 r--p 00029000 08:21 2630244    /lib/i386-linux-gnu/libm-2.15.so
b66d5000-b66d6000 rw-p 0002a000 08:21 2630244    /lib/i386-linux-gnu/libm-2.15.so
b66d6000-b67b2000 r-xp 00000000 08:21 398620     /usr/lib/i386-linux-gnu/libstdc++.so.6.0.17
b67b2000-b67b3000 ---p 000dc000 08:21 398620     /usr/lib/i386-linux-gnu/libstdc++.so.6.0.17
b67b3000-b67b7000 r--p 000dc000 08:21 398620     /usr/lib/i386-linux-gnu/libstdc++.so.6.0.17
b67b7000-b67b8000 rw-p 000e0000 08:21 398620     /usr/lib/i386-linux-gnu/libstdc++.so.6.0.17
b67b8000-b67bf000 rw-p 00000000 00:00 0 
b67bf000-b70b1000 r-xp 00000000 08:21 529574     /usr/lib/jvm/java-7-openjdk-i386/jre/lib/i386/server/libjvm.so
b70b1000-b70f8000 r--p 008f1000 08:21 529574     /usr/lib/jvm/java-7-openjdk-i386/jre/lib/i386/server/libjvm.so
b70f8000-b710c000 rw-p 00938000 08:21 529574     /usr/lib/jvm/java-7-openjdk-i386/jre/lib/i386/server/libjvm.so
b710c000-b752a000 rw-p 00000000 00:00 0 
b752a000-b7541000 r-xp 00000000 08:21 2622268    /lib/i386-linux-gnu/libz.so.1.2.7
b7541000-b7542000 r--p 00016000 08:21 2622268    /lib/i386-linux-gnu/libz.so.1.2.7
b7542000-b7543000 rw-p 00017000 08:21 2622268    /lib/i386-linux-gnu/libz.so.1.2.7
b7543000-b755a000 r-xp 00000000 08:21 2630243    /lib/i386-linux-gnu/libpthread-2.15.so
b755a000-b755b000 r--p 00016000 08:21 2630243    /lib/i386-linux-gnu/libpthread-2.15.so
b755b000-b755c000 rw-p 00017000 08:21 2630243    /lib/i386-linux-gnu/libpthread-2.15.so
b755c000-b755e000 rw-p 00000000 00:00 0 
b755e000-b7561000 r-xp 00000000 08:21 2630236    /lib/i386-linux-gnu/libdl-2.15.so
b7561000-b7562000 r--p 00002000 08:21 2630236    /lib/i386-linux-gnu/libdl-2.15.so
b7562000-b7563000 rw-p 00003000 08:21 2630236    /lib/i386-linux-gnu/libdl-2.15.so
b7563000-b7706000 r-xp 00000000 08:21 2630230    /lib/i386-linux-gnu/libc-2.15.so
b7706000-b7707000 ---p 001a3000 08:21 2630230    /lib/i386-linux-gnu/libc-2.15.so
b7707000-b7709000 r--p 001a3000 08:21 2630230    /lib/i386-linux-gnu/libc-2.15.so
b7709000-b770a000 rw-p 001a5000 08:21 2630230    /lib/i386-linux-gnu/libc-2.15.so
b770a000-b770d000 rw-p 00000000 00:00 0 
b770f000-b7710000 rw-p 00000000 00:00 0 
b7710000-b7711000 r--p 00000000 00:00 0 
b7711000-b771e000 r-xp 00000000 08:21 529581     /usr/lib/jvm/java-7-openjdk-i386/jre/lib/i386/libverify.so
b771e000-b771f000 ---p 0000d000 08:21 529581     /usr/lib/jvm/java-7-openjdk-i386/jre/lib/i386/libverify.so
b771f000-b7720000 r--p 0000d000 08:21 529581     /usr/lib/jvm/java-7-openjdk-i386/jre/lib/i386/libverify.so
b7720000-b7721000 rw-p 0000e000 08:21 529581     /usr/lib/jvm/java-7-openjdk-i386/jre/lib/i386/libverify.so
b7721000-b772e000 r-xp 00000000 08:21 529589     /usr/lib/jvm/java-7-openjdk-i386/jre/lib/i386/jli/libjli.so
b772e000-b772f000 r--p 0000c000 08:21 529589     /usr/lib/jvm/java-7-openjdk-i386/jre/lib/i386/jli/libjli.so
b772f000-b7730000 rw-p 0000d000 08:21 529589     /usr/lib/jvm/java-7-openjdk-i386/jre/lib/i386/jli/libjli.so
b7730000-b7733000 rw-p 00000000 00:00 0 
b7733000-b7734000 r-xp 00000000 00:00 0          [vdso]
b7734000-b7754000 r-xp 00000000 08:21 2630247    /lib/i386-linux-gnu/ld-2.15.so
b7754000-b7755000 r--p 0001f000 08:21 2630247    /lib/i386-linux-gnu/ld-2.15.so
b7755000-b7756000 rw-p 00020000 08:21 2630247    /lib/i386-linux-gnu/ld-2.15.so
bfbe0000-bfc01000 rw-p 00000000 00:00 0          [stack]

VM Arguments:
jvm_args: -Dfile.encoding=UTF-8 -Xbootclasspath/p:/home/mouddene/Desktop/adt-bundle-linux-x86-20130219/sdk/platforms/android-17/android.jar:/home/mouddene/Desktop/adt-bundle-linux-x86-20130219/sdk/add-ons/addon-google_apis-google-17/libs/effects.jar:/home/mouddene/Desktop/adt-bundle-linux-x86-20130219/sdk/add-ons/addon-google_apis-google-17/libs/usb.jar:/home/mouddene/Desktop/adt-bundle-linux-x86-20130219/sdk/add-ons/addon-google_apis-google-17/libs/maps.jar 
java_command: botanical.main.Parser.DomParser
Launcher Type: SUN_STANDARD

Environment Variables:
PATH=/usr/lib/lightdm/lightdm:/usr/local/sbin:/usr/local/bin:/usr/sbin:/usr/bin:/sbin:/bin:/usr/games:/usr/local/games
LD_LIBRARY_PATH=/usr/lib/jvm/java-7-openjdk-i386/jre/lib/i386/server:/usr/lib/jvm/java-7-openjdk-i386/jre/lib/i386:/usr/lib/jvm/java-7-openjdk-i386/jre/../lib/i386:/usr/lib/jvm/java-7-openjdk-i386/jre/lib/i386/client:/usr/lib/jvm/java-7-openjdk-i386/jre/lib/i386:
SHELL=/bin/bash
DISPLAY=:0.0

Signal Handlers:
SIGSEGV: [libjvm.so+0x756e80], sa_mask[0]=0x7ffbfeff, sa_flags=0x10000004
SIGBUS: [libjvm.so+0x756e80], sa_mask[0]=0x7ffbfeff, sa_flags=0x10000004
SIGFPE: [libjvm.so+0x5f3c70], sa_mask[0]=0x7ffbfeff, sa_flags=0x10000004
SIGPIPE: [libjvm.so+0x5f3c70], sa_mask[0]=0x7ffbfeff, sa_flags=0x10000004
SIGXFSZ: [libjvm.so+0x5f3c70], sa_mask[0]=0x7ffbfeff, sa_flags=0x10000004
SIGILL: [libjvm.so+0x5f3c70], sa_mask[0]=0x7ffbfeff, sa_flags=0x10000004
SIGUSR1: SIG_DFL, sa_mask[0]=0x00000000, sa_flags=0x00000000
SIGUSR2: [libjvm.so+0x5f3b20], sa_mask[0]=0x00000004, sa_flags=0x10000004
SIGHUP: SIG_DFL, sa_mask[0]=0x00000000, sa_flags=0x00000000
SIGINT: SIG_DFL, sa_mask[0]=0x00000000, sa_flags=0x00000000
SIGTERM: SIG_DFL, sa_mask[0]=0x00000000, sa_flags=0x00000000
SIGQUIT: SIG_DFL, sa_mask[0]=0x00000000, sa_flags=0x00000000


---------------  S Y S T E M  ---------------

OS:Ubuntu 12.10 (quantal)
uname:Linux 3.5.0-27-generic #46-Ubuntu SMP Mon Mar 25 20:00:05 UTC 2013 i686
libc:glibc 2.15 NPTL 2.15 
rlimit: STACK 8192k, CORE 0k, NPROC 32194, NOFILE 4096, AS infinity
load average:0.45 0.41 0.33

/proc/meminfo:
MemTotal:        4136384 kB
MemFree:         1907940 kB
Buffers:          131396 kB
Cached:           913632 kB
SwapCached:            0 kB
Active:          1434948 kB
Inactive:         651520 kB
Active(anon):    1049140 kB
Inactive(anon):     5864 kB
Active(file):     385808 kB
Inactive(file):   645656 kB
Unevictable:       31456 kB
Mlocked:           31456 kB
HighTotal:       3280456 kB
HighFree:        1264216 kB
LowTotal:         855928 kB
LowFree:          643724 kB
SwapTotal:       4192252 kB
SwapFree:        4192252 kB
Dirty:               132 kB
Writeback:             0 kB
AnonPages:       1073024 kB
Mapped:           189228 kB
Shmem:              7776 kB
Slab:              62516 kB
SReclaimable:      41880 kB
SUnreclaim:        20636 kB
KernelStack:        4512 kB
PageTables:        15928 kB
NFS_Unstable:          0 kB
Bounce:                0 kB
WritebackTmp:          0 kB
CommitLimit:     6260444 kB
Committed_AS:    4755756 kB
VmallocTotal:     122880 kB
VmallocUsed:       55352 kB
VmallocChunk:      63608 kB
HardwareCorrupted:     0 kB
AnonHugePages:         0 kB
HugePages_Total:       0
HugePages_Free:        0
HugePages_Rsvd:        0
HugePages_Surp:        0
Hugepagesize:       2048 kB
DirectMap4k:        8184 kB
DirectMap2M:      905216 kB


CPU:total 4 (4 cores per cpu, 1 threads per core) family 6 model 23 stepping 10, cmov, cx8, fxsr, mmx, sse, sse2, sse3, ssse3, sse4.1, tsc

/proc/cpuinfo:
processor	: 0
vendor_id	: GenuineIntel
cpu family	: 6
model		: 23
model name	: Intel(R) Core(TM)2 Quad CPU    Q8300  @ 2.50GHz
stepping	: 10
microcode	: 0xa07
cpu MHz		: 2497.000
cache size	: 2048 KB
physical id	: 0
siblings	: 4
core id		: 0
cpu cores	: 4
apicid		: 0
initial apicid	: 0
fdiv_bug	: no
hlt_bug		: no
f00f_bug	: no
coma_bug	: no
fpu		: yes
fpu_exception	: yes
cpuid level	: 13
wp		: yes
flags		: fpu vme de pse tsc msr pae mce cx8 apic sep mtrr pge mca cmov pat pse36 clflush dts acpi mmx fxsr sse sse2 ss ht tm pbe nx lm constant_tsc arch_perfmon pebs bts aperfmperf pni dtes64 monitor ds_cpl est tm2 ssse3 cx16 xtpr pdcm sse4_1 xsave lahf_lm dtherm
bogomips	: 4994.81
clflush size	: 64
cache_alignment	: 64
address sizes	: 36 bits physical, 48 bits virtual
power management:

processor	: 1
vendor_id	: GenuineIntel
cpu family	: 6
model		: 23
model name	: Intel(R) Core(TM)2 Quad CPU    Q8300  @ 2.50GHz
stepping	: 10
microcode	: 0xa07
cpu MHz		: 1998.000
cache size	: 2048 KB
physical id	: 0
siblings	: 4
core id		: 1
cpu cores	: 4
apicid		: 1
initial apicid	: 1
fdiv_bug	: no
hlt_bug		: no
f00f_bug	: no
coma_bug	: no
fpu		: yes
fpu_exception	: yes
cpuid level	: 13
wp		: yes
flags		: fpu vme de pse tsc msr pae mce cx8 apic sep mtrr pge mca cmov pat pse36 clflush dts acpi mmx fxsr sse sse2 ss ht tm pbe nx lm constant_tsc arch_perfmon pebs bts aperfmperf pni dtes64 monitor ds_cpl est tm2 ssse3 cx16 xtpr pdcm sse4_1 xsave lahf_lm dtherm
bogomips	: 4994.81
clflush size	: 64
cache_alignment	: 64
address sizes	: 36 bits physical, 48 bits virtual
power management:

processor	: 2
vendor_id	: GenuineIntel
cpu family	: 6
model		: 23
model name	: Intel(R) Core(TM)2 Quad CPU    Q8300  @ 2.50GHz
stepping	: 10
microcode	: 0xa07
cpu MHz		: 1998.000
cache size	: 2048 KB
physical id	: 0
siblings	: 4
core id		: 2
cpu cores	: 4
apicid		: 2
initial apicid	: 2
fdiv_bug	: no
hlt_bug		: no
f00f_bug	: no
coma_bug	: no
fpu		: yes
fpu_exception	: yes
cpuid level	: 13
wp		: yes
flags		: fpu vme de pse tsc msr pae mce cx8 apic sep mtrr pge mca cmov pat pse36 clflush dts acpi mmx fxsr sse sse2 ss ht tm pbe nx lm constant_tsc arch_perfmon pebs bts aperfmperf pni dtes64 monitor ds_cpl est tm2 ssse3 cx16 xtpr pdcm sse4_1 xsave lahf_lm dtherm
bogomips	: 4994.81
clflush size	: 64
cache_alignment	: 64
address sizes	: 36 bits physical, 48 bits virtual
power management:

processor	: 3
vendor_id	: GenuineIntel
cpu family	: 6
model		: 23
model name	: Intel(R) Core(TM)2 Quad CPU    Q8300  @ 2.50GHz
stepping	: 10
microcode	: 0xa07
cpu MHz		: 1998.000
cache size	: 2048 KB
physical id	: 0
siblings	: 4
core id		: 3
cpu cores	: 4
apicid		: 3
initial apicid	: 3
fdiv_bug	: no
hlt_bug		: no
f00f_bug	: no
coma_bug	: no
fpu		: yes
fpu_exception	: yes
cpuid level	: 13
wp		: yes
flags		: fpu vme de pse tsc msr pae mce cx8 apic sep mtrr pge mca cmov pat pse36 clflush dts acpi mmx fxsr sse sse2 ss ht tm pbe nx lm constant_tsc arch_perfmon pebs bts aperfmperf pni dtes64 monitor ds_cpl est tm2 ssse3 cx16 xtpr pdcm sse4_1 xsave lahf_lm dtherm
bogomips	: 4994.81
clflush size	: 64
cache_alignment	: 64
address sizes	: 36 bits physical, 48 bits virtual
power management:



Memory: 4k page, physical 4136384k(1907940k free), swap 4192252k(4192252k free)

vm_info: OpenJDK Server VM (23.7-b01) for linux-x86 JRE (1.7.0_21-b02), built on Apr 22 2013 22:34:21 by "buildd" with gcc 4.7.2

time: Fri May  3 15:26:57 2013
elapsed time: 0 seconds

